2018-10-12 02:13:06,933 :  
2018-10-12 02:13:06,933 :  --------- NEW INSTANCE ---------
2018-10-12 02:13:11,871 :  
2018-10-12 02:13:11,871 :  --------- NEW INSTANCE ---------
2018-10-12 02:13:12,129 :  No arguments specified, running full update
2018-10-12 02:13:12,129 :  
2018-10-12 02:13:12,130 :  Downloading references
2018-10-12 02:13:12,272 :  References saved to /home/unrealpugs/LinuxServer/UnrealTournament/Saved/Config/Rulesets/rulesets.json
2018-10-12 02:13:12,272 :  
2018-10-12 02:13:12,273 :  Extracting reference information
2018-10-12 02:13:12,273 :  ... Done
2018-10-12 02:13:12,273 :  
2018-10-12 02:13:12,273 :  Checking current pak files and their checksums (this may take a while)
2018-10-12 02:13:12,274 :  ... Done
2018-10-12 02:13:12,274 :  The following has been downloaded:
2018-10-12 02:13:12,274 :  
2018-10-12 02:13:12,274 :  
2018-10-12 02:13:12,274 :  Rewriting game ini references
2018-10-12 02:13:12,275 :  ... Done
2018-10-12 02:13:12,275 :  
2018-10-12 02:13:12,275 :  Downloading rulesets
2018-10-12 02:13:12,444 :  Ruleset downloaded to: /home/unrealpugs/LinuxServer/UnrealTournament/Saved/Config/Rulesets/rulesets.json
2018-10-12 02:13:55,569 :  
2018-10-12 02:13:55,570 :  --------- NEW INSTANCE ---------
2018-10-12 02:13:55,827 :  No arguments specified, running full update
2018-10-12 02:13:55,828 :  
2018-10-12 02:13:55,828 :  Downloading references
2018-10-12 02:13:55,973 :  References saved to /home/unrealpugs/LinuxServer/UnrealTournament/Saved/Config/Rulesets/rulesets.json
2018-10-12 02:13:55,973 :  
2018-10-12 02:13:55,973 :  Extracting reference information
2018-10-12 02:13:55,974 :  ... Done
2018-10-12 02:13:55,974 :  
2018-10-12 02:13:55,974 :  Checking current pak files and their checksums (this may take a while)
2018-10-12 02:13:55,975 :  ... Done
2018-10-12 02:13:55,975 :  The following has been downloaded:
2018-10-12 02:13:55,975 :  
2018-10-12 02:13:55,975 :  
2018-10-12 02:13:55,975 :  Rewriting game ini references
2018-10-12 02:13:55,976 :  ... Done
2018-10-12 02:13:55,976 :  
2018-10-12 02:13:55,976 :  Downloading rulesets
2018-10-12 02:13:56,163 :  Ruleset downloaded to: /home/unrealpugs/LinuxServer/UnrealTournament/Saved/Config/Rulesets/rulesets.json
2018-10-12 02:15:01,343 :  
2018-10-12 02:15:01,343 :  --------- NEW INSTANCE ---------
2018-10-12 02:15:01,720 :  No arguments specified, running full update
2018-10-12 02:15:01,720 :  
2018-10-12 02:15:01,720 :  Downloading references
2018-10-12 02:15:01,989 :  References saved to /home/unrealpugs/LinuxServer/UnrealTournament/Saved/Config/Rulesets/rulesets.json
2018-10-12 02:15:01,990 :  
2018-10-12 02:15:01,990 :  Extracting reference information
2018-10-12 02:15:01,990 :  ... Done
2018-10-12 02:15:01,990 :  
2018-10-12 02:15:01,990 :  Checking current pak files and their checksums (this may take a while)
2018-10-12 02:15:01,991 :  ... Done
2018-10-12 02:15:01,991 :  The following has been downloaded:
2018-10-12 02:15:01,991 :  
2018-10-12 02:15:01,991 :  
2018-10-12 02:15:01,991 :  Rewriting game ini references
2018-10-12 02:15:01,992 :  ... Done
2018-10-12 02:15:01,992 :  
2018-10-12 02:15:01,992 :  Downloading rulesets
2018-10-12 02:15:02,248 :  Ruleset downloaded to: /home/unrealpugs/LinuxServer/UnrealTournament/Saved/Config/Rulesets/rulesets.json
